[    0.000000] Initializing cgroup subsys cpuset
[    0.000000] Initializing cgroup subsys cpu
[    0.000000] Initializing cgroup subsys cpuacct
[    0.000000] Linux version 4.4.0-186-generic (buildd@lcy01-amd64-002) (gcc version 5.4.0 20160609 (Ubuntu 5.4.0-6ubuntu1~16.04.12) ) #216-Ubuntu SMP Wed Jul 1 05:34:05 UTC 2020 (Ubuntu 4.4.0-186.216-generic 4.4.228)
[    0.000000] Command line: BOOT_IMAGE=/boot/vmlinuz-4.4.0-186-generic root=LABEL=cloudimg-rootfs ro console=tty1 console=ttyS0
[    0.000000] KERNEL supported cpus:
[    0.000000]   Intel GenuineIntel
[    0.000000]   AMD AuthenticAMD
[    0.000000]   Centaur CentaurHauls
[    0.000000] x86/fpu: xstate_offset[2]:  576, xstate_sizes[2]:  256
[    0.000000] x86/fpu: Supporting XSAVE feature 0x01: 'x87 floating point registers'
[    0.000000] x86/fpu: Supporting XSAVE feature 0x02: 'SSE registers'
[    0.000000] x86/fpu: Supporting XSAVE feature 0x04: 'AVX registers'
[    0.000000] x86/fpu: Enabled xstate features 0x7, context size is 832 bytes, using 'standard' format.
[    0.000000] e820: BIOS-provided physical RAM map:
[    0.000000] BIOS-e820: [mem 0x0000000000000000-0x000000000009fbff] usable
[    0.000000] BIOS-e820: [mem 0x000000000009fc00-0x000000000009ffff] reserved
[    0.000000] BIOS-e820: [mem 0x00000000000f0000-0x00000000000fffff] reserved
[    0.000000] BIOS-e820: [mem 0x0000000000100000-0x000000003ffeffff] usable
[    0.000000] BIOS-e820: [mem 0x000000003fff0000-0x000000003fffffff] ACPI data
[    0.000000] BIOS-e820: [mem 0x00000000fec00000-0x00000000fec00fff] reserved
[    0.000000] BIOS-e820: [mem 0x00000000fee00000-0x00000000fee00fff] reserved
[    0.000000] BIOS-e820: [mem 0x00000000fffc0000-0x00000000ffffffff] reserved
[    0.000000] NX (Execute Disable) protection: active
[    0.000000] SMBIOS 2.5 present.
[    0.000000] Hypervisor detected: KVM
[    0.000000] e820: last_pfn = 0x3fff0 max_arch_pfn = 0x400000000
[    0.000000] MTRR: Disabled
[    0.000000] x86/PAT: MTRRs disabled, skipping PAT initialization too.
[    0.000000] CPU MTRRs all blank - virtualized system.
[    0.000000] x86/PAT: Configuration [0-7]: WB  WT  UC- UC  WB  WT  UC- UC  
[    0.000000] found SMP MP-table at [mem 0x0009fff0-0x0009ffff] mapped at [ffff88000009fff0]
[    0.000000] Scanning 1 areas for low memory corruption
[    0.000000] RAMDISK: [mem 0x362e0000-0x37167fff]
[    0.000000] ACPI: Early table checksum verification disabled
[    0.000000] ACPI: RSDP 0x00000000000E0000 000024 (v02 VBOX  )
[    0.000000] ACPI: XSDT 0x000000003FFF0030 00003C (v01 VBOX   VBOXXSDT 00000001 ASL  00000061)
[    0.000000] ACPI: FACP 0x000000003FFF00F0 0000F4 (v04 VBOX   VBOXFACP 00000001 ASL  00000061)
[    0.000000] ACPI: DSDT 0x000000003FFF0470 0022EA (v02 VBOX   VBOXBIOS 00000002 INTL 20100528)
[    0.000000] ACPI: FACS 0x000000003FFF0200 000040
[    0.000000] ACPI: FACS 0x000000003FFF0200 000040
[    0.000000] ACPI: APIC 0x000000003FFF0240 00005C (v02 VBOX   VBOXAPIC 00000001 ASL  00000061)
[    0.000000] ACPI: SSDT 0x000000003FFF02A0 0001CC (v01 VBOX   VBOXCPUT 00000002 INTL 20100528)
[    0.000000] No NUMA configuration found
[    0.000000] Faking a node at [mem 0x0000000000000000-0x000000003ffeffff]
[    0.000000] NODE_DATA(0) allocated [mem 0x3ffeb000-0x3ffeffff]
[    0.000000] kvm-clock: Using msrs 4b564d01 and 4b564d00
[    0.000000] kvm-clock: cpu 0, msr 0:3ffe3001, primary cpu clock
[    0.000000] kvm-clock: using sched offset of 3514805592 cycles
[    0.000000] clocksource: kvm-clock: mask: 0xffffffffffffffff max_cycles: 0x1cd42e4dffb, max_idle_ns: 881590591483 ns
[    0.000000] Zone ranges:
[    0.000000]   DMA      [mem 0x0000000000001000-0x0000000000ffffff]
[    0.000000]   DMA32    [mem 0x0000000001000000-0x000000003ffeffff]
[    0.000000]   Normal   empty
[    0.000000]   Device   empty
[    0.000000] Movable zone start for each node
[    0.000000] Early memory node ranges
[    0.000000]   node   0: [mem 0x0000000000001000-0x000000000009efff]
[    0.000000]   node   0: [mem 0x0000000000100000-0x000000003ffeffff]
[    0.000000] Initmem setup node 0 [mem 0x0000000000001000-0x000000003ffeffff]
[    0.000000] ACPI: PM-Timer IO Port: 0x4008
[    0.000000] IOAPIC[0]: apic_id 2, version 32, address 0xfec00000, GSI 0-23
[    0.000000] ACPI: INT_SRC_OVR (bus 0 bus_irq 0 global_irq 2 dfl dfl)
[    0.000000] ACPI: INT_SRC_OVR (bus 0 bus_irq 9 global_irq 9 low level)
[    0.000000] Using ACPI (MADT) for SMP configuration information
[    0.000000] smpboot: Allowing 2 CPUs, 0 hotplug CPUs
[    0.000000] PM: Registered nosave memory: [mem 0x00000000-0x00000fff]
[    0.000000] PM: Registered nosave memory: [mem 0x0009f000-0x0009ffff]
[    0.000000] PM: Registered nosave memory: [mem 0x000a0000-0x000effff]
[    0.000000] PM: Registered nosave memory: [mem 0x000f0000-0x000fffff]
[    0.000000] e820: [mem 0x40000000-0xfebfffff] available for PCI devices
[    0.000000] Booting paravirtualized kernel on KVM
[    0.000000] clocksource: refined-jiffies: mask: 0xffffffff max_cycles: 0xffffffff, max_idle_ns: 7645519600211568 ns
[    0.000000] setup_percpu: NR_CPUS:512 nr_cpumask_bits:512 nr_cpu_ids:2 nr_node_ids:1
[    0.000000] PERCPU: Embedded 33 pages/cpu @ffff88003fc00000 s95512 r8192 d31464 u1048576
[    0.000000] Built 1 zonelists in Node order, mobility grouping on.  Total pages: 257912
[    0.000000] Policy zone: DMA32
[    0.000000] Kernel command line: BOOT_IMAGE=/boot/vmlinuz-4.4.0-186-generic root=LABEL=cloudimg-rootfs ro console=tty1 console=ttyS0
[    0.000000] PID hash table entries: 4096 (order: 3, 32768 bytes)
[    0.000000] Memory: 997664K/1048120K available (8636K kernel code, 1337K rwdata, 4040K rodata, 1492K init, 1296K bss, 50456K reserved, 0K cma-reserved)
[    0.000000] SLUB: HWalign=64, Order=0-3, MinObjects=0, CPUs=2, Nodes=1
[    0.000000] Kernel/User page tables isolation: enabled
[    0.000000] Hierarchical RCU implementation.
[    0.000000] 	Build-time adjustment of leaf fanout to 64.
[    0.000000] 	RCU restricting CPUs from NR_CPUS=512 to nr_cpu_ids=2.
[    0.000000] RCU: Adjusting geometry for rcu_fanout_leaf=64, nr_cpu_ids=2
[    0.000000] NR_IRQS:33024 nr_irqs:440 16
[    0.000000] Console: colour VGA+ 80x25
[    0.000000] console [tty1] enabled
[    0.000000] console [ttyS0] enabled
[    0.000000] tsc: Detected 2904.000 MHz processor
[    0.121601] Calibrating delay loop (skipped) preset value.. 5808.00 BogoMIPS (lpj=11616000)
[    0.123015] pid_max: default: 32768 minimum: 301
[    0.123827] ACPI: Core revision 20150930
[    0.125292] ACPI: 2 ACPI AML tables successfully acquired and loaded
[    0.126369] Security Framework initialized
[    0.127086] Yama: becoming mindful.
[    0.127698] AppArmor: AppArmor initialized
[    0.128452] Dentry cache hash table entries: 131072 (order: 8, 1048576 bytes)
[    0.136482] Inode-cache hash table entries: 65536 (order: 7, 524288 bytes)
[    0.137491] Mount-cache hash table entries: 2048 (order: 2, 16384 bytes)
[    0.138422] Mountpoint-cache hash table entries: 2048 (order: 2, 16384 bytes)
[    0.139494] Initializing cgroup subsys io
[    0.140163] Initializing cgroup subsys memory
[    0.140889] Initializing cgroup subsys devices
[    0.141626] Initializing cgroup subsys freezer
[    0.142441] Initializing cgroup subsys net_cls
[    0.143155] Initializing cgroup subsys perf_event
[    0.143857] Initializing cgroup subsys net_prio
[    0.144582] Initializing cgroup subsys hugetlb
[    0.145271] Initializing cgroup subsys pids
[    0.146866] mce: CPU supports 0 MCE banks
[    0.147553] Last level iTLB entries: 4KB 128, 2MB 8, 4MB 8
[    0.148359] Last level dTLB entries: 4KB 64, 2MB 0, 4MB 0, 1GB 4
[    0.149311] Spectre V1 : Mitigation: usercopy/swapgs barriers and __user pointer sanitization
[    0.150503] Spectre V2 : Mitigation: Full generic retpoline
[    0.151249] Spectre V2 : Spectre v2 / SpectreRSB mitigation: Filling RSB on context switch
[    0.152411] Speculative Store Bypass: Vulnerable
[    0.153079] SRBDS: Unknown: Dependent on hypervisor status
[    0.153915] MDS: Mitigation: Clear CPU buffers
[    0.156713] Freeing SMP alternatives memory: 36K
[    0.162251] ftrace: allocating 32334 entries in 127 pages
[    0.215811] smpboot: APIC(0) Converting physical 0 to logical package 0
[    0.216710] smpboot: Max logical packages: 1
[    0.217519] x2apic enabled
[    0.218151] Switched APIC routing to physical x2apic.
[    0.219753] ..TIMER: vector=0x30 apic1=0 pin1=2 apic2=-1 pin2=-1
[    0.328677] smpboot: CPU0: Intel(R) Core(TM) i5-9400F CPU @ 2.90GHz (family: 0x6, model: 0x9e, stepping: 0xa)
[    0.330232] Performance Events: unsupported p6 CPU model 158 no PMU driver, software events only.
[    0.338411] KVM setup paravirtual spinlock
[    0.339562] x86: Booting SMP configuration:
[    0.340175] .... node  #0, CPUs:      #1
[    0.340829] kvm-clock: cpu 1, msr 0:3ffe3041, secondary cpu clock
[    0.342400] mce: CPU supports 0 MCE banks
[    0.344929] x86: Booted up 1 node, 2 CPUs
[    0.345675] smpboot: Total of 2 processors activated (11616.00 BogoMIPS)
[    0.346904] devtmpfs: initialized
[    0.348525] evm: security.selinux
[    0.349075] evm: security.SMACK64
[    0.349606] evm: security.SMACK64EXEC
[    0.350207] evm: security.SMACK64TRANSMUTE
[    0.350818] evm: security.SMACK64MMAP
[    0.351377] evm: security.ima
[    0.351868] evm: security.capability
[    0.352912] clocksource: jiffies: mask: 0xffffffff max_cycles: 0xffffffff, max_idle_ns: 7645041785100000 ns
[    0.354315] futex hash table entries: 512 (order: 3, 32768 bytes)
[    0.355257] pinctrl core: initialized pinctrl subsystem
[    0.356081] RTC time: 14:54:34, date: 07/28/20
[    0.356849] NET: Registered protocol family 16
[    0.373453] cpuidle: using governor ladder
[    0.386231] cpuidle: using governor menu
[    0.386991] PCCT header not found.
[    0.387707] ACPI: bus type PCI registered
[    0.388485] acpiphp: ACPI Hot Plug PCI Controller Driver version: 0.5
[    0.389671] PCI: Using configuration type 1 for base access
[    0.402916] ACPI: Added _OSI(Module Device)
[    0.403672] ACPI: Added _OSI(Processor Device)
[    0.404542] ACPI: Added _OSI(3.0 _SCP Extensions)
[    0.405406] ACPI: Added _OSI(Processor Aggregator Device)
[    0.406884] ACPI: Executed 1 blocks of module-level executable AML code
[    0.409526] ACPI: Interpreter enabled
[    0.410192] ACPI: (supports S0 S5)
[    0.410823] ACPI: Using IOAPIC for interrupt routing
[    0.411777] PCI: Using host bridge windows from ACPI; if necessary, use "pci=nocrs" and report a bug
[    0.415847] ACPI: PCI Root Bridge [PCI0] (domain 0000 [bus 00-ff])
[    0.416838] acpi PNP0A03:00: _OSC: OS supports [ASPM ClockPM Segments MSI]
[    0.418108] acpi PNP0A03:00: _OSC: not requesting OS control; OS requires [ExtendedConfig ASPM ClockPM MSI]
[    0.419724] acpi PNP0A03:00: fail to add MMCONFIG information, can't access extended PCI configuration space under this bridge.
[    0.421762] PCI host bridge to bus 0000:00
[    0.422473] pci_bus 0000:00: root bus resource [io  0x0000-0x0cf7 window]
[    0.423542] pci_bus 0000:00: root bus resource [io  0x0d00-0xffff window]
[    0.424676] pci_bus 0000:00: root bus resource [mem 0x000a0000-0x000bffff window]
[    0.425936] pci_bus 0000:00: root bus resource [mem 0x40000000-0xfdffffff window]
[    0.427254] pci_bus 0000:00: root bus resource [bus 00-ff]
[    0.429507] pci 0000:00:01.1: legacy IDE quirk: reg 0x10: [io  0x01f0-0x01f7]
[    0.430588] pci 0000:00:01.1: legacy IDE quirk: reg 0x14: [io  0x03f6]
[    0.431613] pci 0000:00:01.1: legacy IDE quirk: reg 0x18: [io  0x0170-0x0177]
[    0.439929] pci 0000:00:01.1: legacy IDE quirk: reg 0x1c: [io  0x0376]
[    0.451165] pci 0000:00:07.0: quirk: [io  0x4000-0x403f] claimed by PIIX4 ACPI
[    0.452477] pci 0000:00:07.0: quirk: [io  0x4100-0x410f] claimed by PIIX4 SMB
[    0.459557] ACPI: PCI Interrupt Link [LNKA] (IRQs 5 9 10 *11)
[    0.461242] ACPI: PCI Interrupt Link [LNKB] (IRQs 5 9 *10 11)
[    0.462712] ACPI: PCI Interrupt Link [LNKC] (IRQs 5 *9 10 11)
[    0.463916] ACPI: PCI Interrupt Link [LNKD] (IRQs 5 9 10 *11)
[    0.465273] ACPI: Enabled 2 GPEs in block 00 to 07
[    0.466381] vgaarb: setting as boot device: PCI:0000:00:02.0
[    0.467291] vgaarb: device added: PCI:0000:00:02.0,decodes=io+mem,owns=io+mem,locks=none
[    0.468658] vgaarb: loaded
[    0.469210] vgaarb: bridge control possible 0000:00:02.0
[    0.470231] SCSI subsystem initialized
[    0.471023] ACPI: bus type USB registered
[    0.471832] usbcore: registered new interface driver usbfs
[    0.472778] usbcore: registered new interface driver hub
[    0.473667] usbcore: registered new device driver usb
[    0.474897] PCI: Using ACPI for IRQ routing
[    0.475878] NetLabel: Initializing
[    0.476620] NetLabel:  domain hash size = 128
[    0.477470] NetLabel:  protocols = UNLABELED CIPSOv4
[    0.485434] NetLabel:  unlabeled traffic allowed by default
[    0.486650] amd_nb: Cannot enumerate AMD northbridges
[    0.487529] clocksource: Switched to clocksource kvm-clock
[    0.507089] AppArmor: AppArmor Filesystem Enabled
[    0.507979] pnp: PnP ACPI init
[    0.509075] pnp: PnP ACPI: found 3 devices
[    0.518043] clocksource: acpi_pm: mask: 0xffffff max_cycles: 0xffffff, max_idle_ns: 2085701024 ns
[    0.519609] NET: Registered protocol family 2
[    0.520469] TCP established hash table entries: 8192 (order: 4, 65536 bytes)
[    0.521604] TCP bind hash table entries: 8192 (order: 5, 131072 bytes)
[    0.522669] TCP: Hash tables configured (established 8192 bind 8192)
[    0.523703] UDP hash table entries: 512 (order: 2, 16384 bytes)
[    0.524705] UDP-Lite hash table entries: 512 (order: 2, 16384 bytes)
[    0.525764] NET: Registered protocol family 1
[    0.526569] pci 0000:00:00.0: Limiting direct PCI/PCI transfers
[    0.527565] pci 0000:00:01.0: Activating ISA DMA hang workarounds
[    0.528632] Unpacking initramfs...
[    0.887138] Freeing initrd memory: 14880K
[    0.888190] clocksource: tsc: mask: 0xffffffffffffffff max_cycles: 0x29dc05e54fc, max_idle_ns: 440795291716 ns
[    0.889890] platform rtc_cmos: registered platform RTC device (no PNP device found)
[    0.891291] Scanning for low memory corruption every 60 seconds
[    0.892641] audit: initializing netlink subsys (disabled)
[    0.893532] audit: type=2000 audit(1595948080.051:1): initialized
[    0.894747] Initialise system trusted keyring
[    0.895744] HugeTLB registered 2 MB page size, pre-allocated 0 pages
[    0.897657] zbud: loaded
[    0.898477] VFS: Disk quotas dquot_6.6.0
[    0.899090] VFS: Dquot-cache hash table entries: 512 (order 0, 4096 bytes)
[    0.900233] squashfs: version 4.0 (2009/01/31) Phillip Lougher
[    0.901209] fuse init (API version 7.23)
[    0.901878] Key type big_key registered
[    0.902482] Allocating IMA MOK and blacklist keyrings.
[    0.904608] Key type asymmetric registered
[    0.905233] Asymmetric key parser 'x509' registered
[    0.905950] Block layer SCSI generic (bsg) driver version 0.4 loaded (major 249)
[    0.907096] io scheduler noop registered
[    0.907792] io scheduler deadline registered (default)
[    0.908623] io scheduler cfq registered
[    0.909279] pci_hotplug: PCI Hot Plug PCI Core version: 0.5
[    0.910212] pciehp: PCI Express Hot Plug Controller Driver version: 0.4
[    0.911414] ACPI: AC Adapter [AC] (on-line)
[    0.912107] input: Power Button as /devices/LNXSYSTM:00/LNXPWRBN:00/input/input0
[    0.913215] ACPI: Power Button [PWRF]
[    0.913826] input: Sleep Button as /devices/LNXSYSTM:00/LNXSLPBN:00/input/input1
[    0.914960] ACPI: Sleep Button [SLPF]
[    0.915707] GHES: HEST is not enabled!
[    0.916391] Serial: 8250/16550 driver, 32 ports, IRQ sharing enabled
[    0.937594] 00:02: ttyS0 at I/O 0x3f8 (irq = 4, base_baud = 115200) is a 16550A
[    0.939668] Linux agpgart interface v0.103
[    0.941726] loop: module loaded
[    0.942768] scsi host0: ata_piix
[    0.943635] scsi host1: ata_piix
[    0.944293] ata1: PATA max UDMA/33 cmd 0x1f0 ctl 0x3f6 bmdma 0xd000 irq 14
[    0.945362] ata2: PATA max UDMA/33 cmd 0x170 ctl 0x376 bmdma 0xd008 irq 15
[    0.946675] libphy: Fixed MDIO Bus: probed
[    0.947416] tun: Universal TUN/TAP device driver, 1.6
[    0.948377] tun: (C) 1999-2004 Max Krasnyansky <maxk@qualcomm.com>
[    0.949371] PPP generic driver version 2.4.2
[    0.950147] ehci_hcd: USB 2.0 'Enhanced' Host Controller (EHCI) Driver
[    0.951151] ehci-pci: EHCI PCI platform driver
[    0.951978] ehci-platform: EHCI generic platform driver
[    0.952895] ohci_hcd: USB 1.1 'Open' Host Controller (OHCI) Driver
[    0.953915] ohci-pci: OHCI PCI platform driver
[    0.954733] ohci-platform: OHCI generic platform driver
[    0.955620] uhci_hcd: USB Universal Host Controller Interface driver
[    0.956752] i8042: PNP: PS/2 Controller [PNP0303:PS2K,PNP0f03:PS2M] at 0x60,0x64 irq 1,12
[    0.958693] serio: i8042 KBD port at 0x60,0x64 irq 1
[    0.959545] serio: i8042 AUX port at 0x60,0x64 irq 12
[    0.960683] mousedev: PS/2 mouse device common for all mice
[    0.961969] input: AT Translated Set 2 keyboard as /devices/platform/i8042/serio0/input/input2
[    0.963475] rtc_cmos rtc_cmos: rtc core: registered rtc_cmos as rtc0
[    0.964768] rtc_cmos rtc_cmos: alarms up to one day, 114 bytes nvram
[    0.965808] i2c /dev entries driver
[    0.966484] device-mapper: uevent: version 1.0.3
[    0.967499] device-mapper: ioctl: 4.34.0-ioctl (2015-10-28) initialised: dm-devel@redhat.com
[    0.968981] ledtrig-cpu: registered to indicate activity on CPUs
[    0.970508] NET: Registered protocol family 10
[    0.971488] NET: Registered protocol family 17
[    0.972278] Key type dns_resolver registered
[    0.973195] registered taskstats version 1
[    0.973941] Loading compiled-in X.509 certificates
[    0.975272] Loaded X.509 cert 'Build time autogenerated kernel key: cef5e81496c0efa51b848ab539e845ddf31c08be'
[    0.977010] zswap: loaded using pool lzo/zbud
[    0.979203] Key type trusted registered
[    0.982454] Key type encrypted registered
[    0.983170] AppArmor: AppArmor sha1 policy hashing enabled
[    0.984170] ima: No TPM chip found, activating TPM-bypass!
[    0.985121] ima: Allocated hash algorithm: sha1
[    0.985905] evm: HMAC attrs: 0x1
[    0.986795]   Magic number: 12:486:941
[    0.987577] rtc_cmos rtc_cmos: setting system clock to 2020-07-28 14:54:35 UTC (1595948075)
[    0.989120] BIOS EDD facility v0.16 2004-Jun-25, 0 devices found
[    0.990124] EDD information not available.
[    1.101458] Freeing unused kernel memory: 1492K
[    1.102217] Write protecting the kernel read-only data: 14336k
[    1.103498] Freeing unused kernel memory: 1592K
[    1.104510] Freeing unused kernel memory: 56K
Loading, please wait...
starting version 229
[    1.115264] random: systemd-udevd: uninitialized urandom read (16 bytes read, 1 bits of entropy available)
[    1.115640] random: udevadm: uninitialized urandom read (16 bytes read, 1 bits of entropy available)
[    1.115656] random: udevadm: uninitialized urandom read (16 bytes read, 1 bits of entropy available)
[    1.119838] random: systemd-udevd: uninitialized urandom read (16 bytes read, 1 bits of entropy available)
[    1.121041] random: udevadm: uninitialized urandom read (16 bytes read, 1 bits of entropy available)
[    1.121071] random: udevadm: uninitialized urandom read (16 bytes read, 1 bits of entropy available)
[    1.121163] random: udevadm: uninitialized urandom read (16 bytes read, 1 bits of entropy available)
[    1.121197] random: udevadm: uninitialized urandom read (16 bytes read, 1 bits of entropy available)
[    1.121230] random: udevadm: uninitialized urandom read (16 bytes read, 1 bits of entropy available)
[    1.121263] random: udevadm: uninitialized urandom read (16 bytes read, 1 bits of entropy available)
[    1.153692] Fusion MPT base driver 3.04.20
[    1.154467] Copyright (c) 1999-2008 LSI Corporation
[    1.159986] e1000: Intel(R) PRO/1000 Network Driver - version 7.3.21-k8-NAPI
[    1.161211] e1000: Copyright (c) 1999-2006 Intel Corporation.
[    1.170715] AVX2 version of gcm_enc/dec engaged.
[    1.171633] AES CTR mode by8 optimization enabled
[    1.180137] Fusion MPT SPI Host driver 3.04.20
[    1.357764] input: ImExPS/2 Generic Explorer Mouse as /devices/platform/i8042/serio1/input/input4
[    1.515595] e1000 0000:00:03.0 eth0: (PCI:33MHz:32-bit) 02:e5:f9:b1:f5:c2
[    1.516583] e1000 0000:00:03.0 eth0: Intel(R) PRO/1000 Network Connection
[    1.864688] e1000 0000:00:08.0 eth1: (PCI:33MHz:32-bit) 08:00:27:6d:3e:cd
[    1.865747] e1000 0000:00:08.0 eth1: Intel(R) PRO/1000 Network Connection
[    1.867395] e1000 0000:00:08.0 enp0s8: renamed from eth1
[    1.869097] mptbase: ioc0: Initiating bringup
[    1.883942] e1000 0000:00:03.0 enp0s3: renamed from eth0
[    1.936241] ioc0: LSI53C1030 A0: Capabilities={Initiator}
[    2.098465] scsi host2: ioc0: LSI53C1030 A0, FwRev=00000000h, Ports=1, MaxQ=256, IRQ=20
[    2.207865] scsi 2:0:0:0: Direct-Access     VBOX     HARDDISK         1.0  PQ: 0 ANSI: 5
[    2.209183] scsi target2:0:0: Beginning Domain Validation
[    2.212052] scsi target2:0:0: Domain Validation skipping write tests
[    2.212912] scsi target2:0:0: Ending Domain Validation
[    2.213748] scsi target2:0:0: asynchronous
[    2.214830] scsi 2:0:1:0: Direct-Access     VBOX     HARDDISK         1.0  PQ: 0 ANSI: 5
[    2.216210] scsi target2:0:1: Beginning Domain Validation
[    2.226830] scsi target2:0:1: Domain Validation skipping write tests
[    2.227777] scsi target2:0:1: Ending Domain Validation
[    2.228684] scsi target2:0:1: asynchronous
[    2.232946] sd 2:0:0:0: [sda] 20971520 512-byte logical blocks: (10.7 GB/10.0 GiB)
[    2.233058] sd 2:0:0:0: Attached scsi generic sg0 type 0
[    2.233335] sd 2:0:1:0: Attached scsi generic sg1 type 0
[    2.235211] sd 2:0:1:0: [sdb] 20480 512-byte logical blocks: (10.5 MB/10.0 MiB)
[    2.237553] sd 2:0:1:0: [sdb] Write Protect is off
[    2.237577] sd 2:0:0:0: [sda] Write Protect is off
[    2.237630] sd 2:0:0:0: [sda] Incomplete mode parameter data
[    2.237631] sd 2:0:0:0: [sda] Assuming drive cache: write through
[    2.241472] sd 2:0:1:0: [sdb] Incomplete mode parameter data
[    2.242067]  sda: sda1
[    2.242964] sd 2:0:1:0: [sdb] Assuming drive cache: write through
[    2.244428] sd 2:0:0:0: [sda] Attached SCSI disk
[    2.248299] sd 2:0:1:0: [sdb] Attached SCSI disk
Begin: Loading essential drivers ... [    3.505244] md: linear personality registered for level -1
[    3.507753] md: multipath personality registered for level -4
[    3.510243] md: raid0 personality registered for level 0
[    3.513655] md: raid1 personality registered for level 1
[    3.583925] raid6: sse2x1   gen() 14087 MB/s
[    3.652327] raid6: sse2x1   xor() 10493 MB/s
[    3.719696] raid6: sse2x2   gen() 17308 MB/s
[    3.787986] raid6: sse2x2   xor() 11966 MB/s
[    3.856325] raid6: sse2x4   gen() 20028 MB/s
[    3.924177] raid6: sse2x4   xor() 13195 MB/s
[    3.991551] raid6: avx2x1   gen() 27658 MB/s
[    4.059534] raid6: avx2x2   gen() 32478 MB/s
[    4.127754] raid6: avx2x4   gen() 35275 MB/s
[    4.128893] raid6: using algorithm avx2x4 gen() 35275 MB/s
[    4.129833] raid6: using avx2x2 recovery algorithm
[    4.131645] xor: automatically using best checksumming function:
[    4.171655]    avx       : 32112.000 MB/sec
[    4.173358] async_tx: api initialized (async)
[    4.181363] md: raid6 personality registered for level 6
[    4.182223] md: raid5 personality registered for level 5
[    4.183065] md: raid4 personality registered for level 4
[    4.188624] md: raid10 personality registered for level 10
done.
Begin: Running /scripts/init-premount ... done.
Begin: Mounting root file system ... Begin: Running /scripts/local-top ... done.
Begin: Running /scripts/local-premount ... [    4.211456] Btrfs loaded
Scanning for Btrfs filesystems
done.
Warning: fsck not present, so skipping root file system
[    4.232357] EXT4-fs (sda1): mounted filesystem with ordered data mode. Opts: (null)
done.
Begin: Running /scripts/local-bottom ... done.
Begin: Running /scripts/init-bottom ... done.
[    4.316093] systemd[1]: systemd 229 running in system mode. (+PAM +AUDIT +SELINUX +IMA +APPARMOR +SMACK +SYSVINIT +UTMP +LIBCRYPTSETUP +GCRYPT +GNUTLS +ACL +XZ -LZ4 +SECCOMP +BLKID +ELFUTILS +KMOD -IDN)
[    4.318811] systemd[1]: Detected virtualization oracle.
[    4.319659] systemd[1]: Detected architecture x86-64.

Welcome to [1mUbuntu 16.04.6 LTS[0m!

[    4.322804] systemd[1]: Set hostname to <ubuntu>.
[    4.325564] systemd[1]: Initializing machine ID from random generator.
[    4.326467] systemd[1]: Installed transient /etc/machine-id file.
[    4.436772] systemd[1]: Listening on udev Kernel Socket.
[[0;32m  OK  [0m] Listening on udev Kernel Socket.
[    4.438246] systemd[1]: Set up automount Arbitrary Executable File Formats File System Automount Point.
[[0;32m  OK  [0m] Set up automount Arbitrary Executab...ats File System Automount Point.
[    4.440406] systemd[1]: Listening on Journal Audit Socket.
[[0;32m  OK  [0m] Listening on Journal Audit Socket.
[    4.441793] systemd[1]: Listening on Journal Socket.
[[0;32m  OK  [0m] Listening on Journal Socket.
[    4.443115] systemd[1]: Reached target User and Group Name Lookups.
[[0;32m  OK  [0m] Reached target User and Group Name Lookups.
[    4.444855] systemd[1]: Created slice User and Session Slice.
[[0;32m  OK  [0m] Created slice User and Session Slice.
[    4.446314] systemd[1]: Listening on LVM2 poll daemon socket.
[[0;32m  OK  [0m] Listening on LVM2 poll daemon socket.
[    4.447807] systemd[1]: Listening on udev Control Socket.
[[0;32m  OK  [0m] Listening on udev Control Socket.
[    4.449187] systemd[1]: Started Forward Password Requests to Wall Directory Watch.
[[0;32m  OK  [0m] Started Forward Password Requests to Wall Directory Watch.
[    4.451130] systemd[1]: Reached target Encrypted Volumes.
[[0;32m  OK  [0m] Reached target Encrypted Volumes.
[    4.452522] systemd[1]: Started Trigger resolvconf update for networkd DNS.
[[0;32m  OK  [0m] Started Trigger resolvconf update for networkd DNS.
[    4.454317] systemd[1]: Created slice System Slice.
[[0;32m  OK  [0m] Created slice System Slice.
[    4.468404] systemd[1]: Starting Create list of required static device nodes for the current kernel...
         Starting Create list of required st... nodes for the current kernel...
[    4.474110] systemd[1]: Reached target Slices.
[[0;32m  OK  [0m] Reached target Slices.
[    4.475708] systemd[1]: Mounting Debug File System...
         Mounting Debug File System...
[    4.477730] systemd[1]: Starting Nameserver information manager...
         Starting Nameserver information manager...
[    4.479588] systemd[1]: Starting Remount Root and Kernel File Systems...
         Starting Remount Root and Kernel File Systems...
[    4.481779] systemd[1]: Mounting POSIX Message Queue File System...
         Mounting POSIX Message Queue File System...
[    4.484575] EXT4-fs (sda1): re-mounted. Opts: (null)
[    4.485723] systemd[1]: Starting Load Kernel Modules...
         Starting Load Kernel Modules...
[    4.487916] systemd[1]: Created slice system-serial\x2dgetty.slice.
[[0;32m  OK  [0m] Created slice system-serial\x2dgetty.slice.
[    4.492611] Loading iSCSI transport class v2.0-870.
[    4.495765] systemd[1]: Listening on Journal Socket (/dev/log).
[[0;32m  OK  [0m] Listening on Journal Socket (/dev/log).
[    4.497235] systemd[1]: Listening on Syslog Socket.
[[0;32m  OK  [0m] Listening on Syslog Socket.
[    4.499061] systemd[1]: Starting Journal Service...
[    4.499911] iscsi: registered transport (tcp)
         Starting Journal Service...
[    4.501374] systemd[1]: Mounting Huge Pages File System...
         Mounting Huge Pages File System...
[    4.502761] systemd[1]: Listening on Device-mapper event daemon FIFOs.
[[0;32m  OK  [0m] Listening on Device-mapper event daemon FIFOs.
[    4.504347] systemd[1]: Listening on /dev/initctl Compatibility Named Pipe.
[[0;32m  OK  [0m] Listening on /dev/initctl Compatibility Named Pipe.
[    4.506172] systemd[1]: Reached target System Time Synchronized.
[[0;32m  OK  [0m] Reached target System Time Synchronized.
[    4.507656] systemd[1]: Reached target Swap.
[[0;32m  OK  [0m] Reached target Swap.
[    4.509228] systemd[1]: Starting Uncomplicated firewall...
         Starting Uncomplicated firewall...
[    4.510866] systemd[1]: Listening on LVM2 metadata daemon socket.
[[0;32m  OK  [0m] Listening on LVM2 metadata daemon socket.
[    4.512858] systemd[1]: Starting Monitoring of LVM2 mirrors, snapshots etc. using dmeventd or progress polling...
         Starting Monitoring of LVM2 mirrors... dmeventd or progress polling...
[    4.555474] iscsi: registered transport (iser)
[    4.559831] systemd[1]: Starting Set console keymap...
         Starting Set console keymap...
[    4.579121] systemd[1]: Mounted POSIX Message Queue File System.
[[0;32m  OK  [0m] Mounted POSIX Message Queue File System.
[    4.580898] systemd[1]: Mounted Debug File System.
[[0;32m  OK  [0m] Mounted Debug File System.
[    4.582228] systemd[1]: Mounted Huge Pages File System.
[[0;32m  OK  [0m] Mounted Huge Pages File System.
[    4.588199] systemd[1]: Started Journal Service.
[[0;32m  OK  [0m] Started Journal Service.
[[0;32m  OK  [0m] Started Create list of required sta...ce nodes for the current kernel.
[[0;32m  OK  [0m] Started Remount Root and Kernel File Systems.
[[0;32m  OK  [0m] Started Load Kernel Modules.
[[0;32m  OK  [0m] Started Uncomplicated firewall.
[[0;32m  OK  [0m] Started Set console keymap.
[[0;32m  OK  [0m] Started Nameserver information manager.
[[0;32m  OK  [0m] Started LVM2 metadata daemon.
         Mounting FUSE Control File System...
         Starting Apply Kernel Variables...
         Starting Load/Save Random Seed...
         Starting udev Coldplug all Devices...
         Starting Create Static Device Nodes in /dev...
         Starting Flush Journal to Persistent Storage...
[[0;32m  OK  [0m] Mounted FUSE Control File System.
[[0;32m  OK  [0m] Started Load/Save Random Seed.
[    4.629492] systemd-journald[384]: Received request to flush runtime journal from PID 1
[[0;32m  OK  [0m] Started Flush Journal to Persistent Storage.
[[0;32m  OK  [0m] Started Apply Kernel Variables.
[[0;32m  OK  [0m] Started Create Static Device Nodes in /dev.
[[0;32m  OK  [0m] Started udev Coldplug all Devices.
         Starting udev Kernel Device Manager...
[[0;32m  OK  [0m] Started udev Kernel Device Manager.
[[0;32m  OK  [0m] Started Dispatch Password Requests to Console Directory Watch.
[[0;32m  OK  [0m] Found device /dev/ttyS0.
[[0;32m  OK  [0m] Listening on Load/Save RF Kill Switch Status /dev/rfkill Watch.
[[0;32m  OK  [0m] Started Monitoring of LVM2 mirrors,...ng dmeventd or progress polling.
[[0;32m  OK  [0m] Reached target Local File Systems (Pre).
[[0;32m  OK  [0m] Reached target Local File Systems.
         Starting Create Volatile Files and Directories...
         Starting Tell Plymouth To Write Out Runtime Data...
         Starting Commit a transient machine-id on disk...
         Starting LSB: AppArmor initialization...
         Starting Set console font and keymap...
         Starting Initial cloud-init job (pre-networking)...
[[0;32m  OK  [0m] Started Create Volatile Files and Directories.
[[0;32m  OK  [0m] Started Tell Plymouth To Write Out Runtime Data.
[[0;32m  OK  [0m] Started Commit a transient machine-id on disk.
         Starting Update UTMP about System Boot/Shutdown...
[[0;32m  OK  [0m] Started Update UTMP about System Boot/Shutdown.
[[0;32m  OK  [0m] Started Set console font and keymap.
[[0;32m  OK  [0m] Created slice system-getty.slice.
[[0;32m  OK  [0m] Started LSB: AppArmor initialization.
         Starting Load AppArmor profiles managed internally by snapd...
[[0;32m  OK  [0m] Started Load AppArmor profiles managed internally by snapd.
[    6.138910] cloud-init[637]: Cloud-init v. 20.2-45-g5f7825e2-0ubuntu1~16.04.1 running 'init-local' at Tue, 28 Jul 2020 14:54:40 +0000. Up 5.95 seconds.
[[0;32m  OK  [0m] Started Initial cloud-init job (pre-networking).
[[0;32m  OK  [0m] Reached target Network (Pre).
         Starting Raise network interfaces...
[[0;32m  OK  [0m] Started Raise network interfaces.
         Starting Initial cloud-init job (metadata service crawler)...
[[0;32m  OK  [0m] Reached target Network.
[    6.887642] cloud-init[955]: Cloud-init v. 20.2-45-g5f7825e2-0ubuntu1~16.04.1 running 'init' at Tue, 28 Jul 2020 14:54:41 +0000. Up 6.50 seconds.
[    6.888681] cloud-init[955]: ci-info: ++++++++++++++++++++++++++++++++++++++Net device info+++++++++++++++++++++++++++++++++++++++
[    6.890024] cloud-init[955]: ci-info: +--------+-------+----------------------------+---------------+--------+-------------------+
[    6.891256] cloud-init[955]: ci-info: | Device |   Up  |          Address           |      Mask     | Scope  |     Hw-Address    |
[    6.892513] cloud-init[955]: ci-info: +--------+-------+----------------------------+---------------+--------+-------------------+
[    6.893809] cloud-init[955]: ci-info: | enp0s3 |  True |         10.0.2.15          | 255.255.255.0 | global | 02:e5:f9:b1:f5:c2 |
[    6.894989] cloud-init[955]: ci-info: | enp0s3 |  True | fe80::e5:f9ff:feb1:f5c2/64 |       .       |  link  | 02:e5:f9:b1:f5:c2 |
[    6.896409] cloud-init[955]: ci-info: | enp0s8 | False |             .              |       .       |   .    | 08:00:27:6d:3e:cd |
[    6.897718] cloud-init[955]: ci-info: |   lo   |  True |         127.0.0.1          |   255.0.0.0   |  host  |         .         |
[    6.898965] cloud-init[955]: ci-info: |   lo   |  True |          ::1/128           |       .       |  host  |         .         |
[    6.900178] cloud-init[955]: ci-info: +--------+-------+----------------------------+---------------+--------+-------------------+
[    6.901528] cloud-init[955]: ci-info: +++++++++++++++++++++++++++Route IPv4 info++++++++++++++++++++++++++++
[    6.902674] cloud-init[955]: ci-info: +-------+-------------+----------+---------------+-----------+-------+
[    6.903803] cloud-init[955]: ci-info: | Route | Destination | Gateway  |    Genmask    | Interface | Flags |
[    6.904946] cloud-init[955]: ci-info: +-------+-------------+----------+---------------+-----------+-------+
[    6.906036] cloud-init[955]: ci-info: |   0   |   0.0.0.0   | 10.0.2.2 |    0.0.0.0    |   enp0s3  |   UG  |
[    6.907175] cloud-init[955]: ci-info: |   1   |   10.0.2.0  | 0.0.0.0  | 255.255.255.0 |   enp0s3  |   U   |
[    6.908337] cloud-init[955]: ci-info: +-------+-------------+----------+---------------+-----------+-------+
[    6.909465] cloud-init[955]: ci-info: +++++++++++++++++++Route IPv6 info+++++++++++++++++++
[    6.910522] cloud-init[955]: ci-info: +-------+-------------+---------+-----------+-------+[[0;32m  OK  [0m] Started Initial cloud-init job (metadata service crawler).
[[0;32m  OK  [0m] Reached target System Initialization.

[    6.912570] cloud-init[[0;32m  OK  [0m] Started ACPI Events Check.
[[0;32m  OK  [0m] Reached target Paths.
[955]: ci-info: | Route | Destination | Gateway | Interface | Flags |
[    6.914213]          Starting LXD - unix socket.
[[0;32m  OK  [0m] Listening on UUID daemon activation socket.
[[0;32m  OK  [0m] Listening on D-Bus System Message Bus Socket.
[[0;32m  OK  [0m] Started Message of the Day.
[[0;32m  OK  [0m] Started Daily apt download activities.
[[0;32m  OK  [0m] Started Daily apt upgrade and clean activities.
cloud-init[955]: ci-info: +-------+-------------+---------+-----------+-------+
[    6.917858]          Starting Socket activation for snappy daemon.
[[0;32m  OK  [0m] Listening on ACPID Listen Socket.
[[0;32m  OK  [0m] Started Daily Cleanup of Temporary Directories.cloud-init
[955]: ci-info: |   0   |  fe80::/64  |    ::   |   enp0s3  |   U   |
[    6.924486] [[0;32m  OK  [0m] Reached target Timers.
[[0;32m  OK  [0m] Reached target Network is Online.
cloud-init[955]: ci-info: |   3   |   ff00::/8  |    ::   |   enp0s3  |   U   |
[    6.926105] cloud-init[955]: ci-info: +-------+-------------+---------+-----------+-------+
[    6.927071] cloud-init[955]: Generating public/private rsa key pair.
[    6.927790] cloud-init[955]: Your identification has been saved in /etc/ssh/ssh_host_rsa_key.
[    6.928792] cloud-init[955]: Your public key has been saved in /etc/ssh/ssh_host_rsa_key.pub.
[    6.929761] cloud-init[955]: The key fingerprint is:
[    6.930372] cloud-init[955]: SHA256:702n+Cd4JiEqRRFVUkJx7aIedpgWMy+IrpScHqeLd9c root@ubuntu-xenial
[    6.931384] cloud-init[955]: The key's randomart image is:
[    6.932146] cloud-init[955]: +---[RSA 2048]----+
[    6.932811] cloud-init[955]: |      .+*++.     |
[    6.933486] cloud-init[955]: |      .  +  .    |
[    6.934162] cloud-init[955]: |       .   .     |
[    6.934788] cloud-init[955]: |      . + . .    |
[    6.935360] cloud-init[955]: |     o .SO .     |
[    6.935797] cloud-init[955]: | . o. o X.+      |
[    6.944184]          cloud-initStarting iSCSI initiator daemon (iscsid)...[955]: 
|  *... * =.o. .  |
[    6.952942] [cloud-init[0;32m  OK  [0m[955]: ] | +.++ o E.o++o.  |Reached target Cloud-config availability.

[    6.953632] [[0;32m  OK  [0m] Listening on LXD - unix socket.
cloud-init[955]: |..=+ o    o=+o   |
[    6.960668] [cloud-init[0;32m  OK  [0m[955]: ] +----[SHA256]-----+Listening on Socket activation for snappy daemon.

[    6.960943] cloud-init[955]: Generating public/private dsa key pair.
[    6.962214] [cloud-init[0;32m  OK  [0m[955]: Your identification has been saved in /etc/ssh/ssh_host_dsa_key.
] Reached target Sockets.
[[0;32m  OK  [0m] Reached target Basic System.
[    6.963033] cloud-init[955]: Your public key has been saved in /etc/ssh/ssh_host_dsa_key.pub.
[    6.980170]          cloud-initStarting Login Service...[955]: 
The key fingerprint is:
[    6.981145] cloud-init[955]: SHA256:b5DGYK3KbbGPBIAI4p25jFrAAy60xjoOrJWSa2mPfKI root@ubuntu-xenial
[    6.982089] cloud-init[955]: The key's randomart image is:
[    6.988964]          cloud-initStarting LSB: MD monitoring daemon...[955]: 
+---[DSA 1024]----+
[    6.996387] [cloud-init[0;32m  OK  [0m[955]: ] |+.               |Started D-Bus System Message Bus.

[    6.996619] cloud-init[955]: |@.o o  .         |
[    7.012426] cloud-init[955]: |=O.+  o .        |
[    7.020989] [[0;32m  OK  [0m] Started Deferred execution scheduler.
         Starting Accounts Service...
         Starting Virtualbox guest utils...
cloud-init[955]: |=o+o.. + .       |
[    7.022449] cloud-init         Starting Snap Daemon...
[955]: |*o+o. o S        |         Starting LSB: Record successful boot for GRUB...
[[0;32m  OK  [0m] Started FUSE filesystem for LXC.

[    7.024743] [[0;32m  OK  [0m] Started ACPI event daemon.
cloud-init[955]: |=*.. + + o       |
         Starting Pollinate to seed the pseudo random number generator...
[[0;32m  OK  [0m] Started Regular background program processing daemon.
         Starting /etc/rc.local Compatibility...
         Starting System Logging Service...
         Starting LXD - container startup/shutdown...
[[0;32m  OK  [0m] Started iSCSI initiator daemon (iscsid).
[    7.037571] [[0;32m  OK  [0m] Started /etc/rc.local Compatibility.
cloud-init[955]: |+=  o =   o      |
         Starting Login to default iSCSI targets...
[    7.043335] cloud-init[955]: |+.o. o o .       |
[    7.044375] cloud-init[955]: |Eoo.  . .        |
[    7.045483] cloud-init[955]: +----[SHA256]-----+
[    7.047452] [[0;32m  OK  [0m] Started Login Service.
cloud-init[955]: Generating public/private ecdsa key pair.
[    7.050383] cloud-init[955]: Your identification has been saved in /etc/ssh/ssh_host_ecdsa_key.
[[0;32m  OK  [0m] Started Unattended Upgrades Shutdown.
[    7.054574] cloud-init[955]: Your public key has been saved in /etc/ssh/ssh_host_ecdsa_key.pub.
[    7.056347] cloud-init[955]: The key fingerprint is:
[    7.082157] cloud-init[955]: SHA256:XNI4MRrI5LDcKe+cySGQT3e6WJC1YLhQvyXmGX8YL8k root@ubuntu-xenial
[    7.106181] [[0;32m  OK  [0m] Started System Logging Service.
cloud-init[955]: The key's randomart image is:
[    7.131408] cloud-init[955]: +---[ECDSA 256]---+
[    7.153489] cloud-init[955]: | o=oo.. o        |
[    7.153999] cloud-init[955]: |o+ Xoo o =       |
[    7.154602] cloud-init[955]: |+.B @ = + o      |
[    7.178494] cloud-init[955]: |.+ B @ * +       |
[    7.201856] [cloud-init[0;32m  OK  [0m[955]: ] |  o O E S        |Started LSB: MD monitoring daemon.

[    7.202142] cloud-init[955]: |   B = o         |
[    7.203658] cloud-init[955]: |  . B            |
[    7.204763] cloud-init[955]: |                 |
[    7.254958] cloud-init[955]: |                 |
[    7.260591] cloud-init[955]: +----[SHA256]-----+
[    7.261612] cloud-init[955]: Generating public/private ed25519 key pair.
[    7.262711] cloud-init[955]: Your identification has been saved in /etc/ssh/ssh_host_ed25519_key.
[    7.284611] cloud-init[955]: Your public key has been saved in /etc/ssh/ssh_host_ed25519_key.pub.
[    7.285333] cloud-init[955]: The key fingerprint is:
[    7.287878] cloud-init[[0;32m  OK  [0m] Started LSB: Record successful boot for GRUB.
[955]: SHA256:HUCUSBjCxKSVOFXjpiI2zkXmYhCEp9KBrJlrXa9bFvI root@ubuntu-xenial[[0;32m  OK  [0m] Started Login to default iSCSI targets.
[[0;32m  OK  [0m] Reached target Remote File Systems (Pre).
[[0;32m  OK  [0m] Reached target Remote File Systems.
         Starting Permit User Sessions...

[    7.291755]          Starting LSB: Set the CPU Frequency Scaling governor to "ondemand"...
         Starting LSB: daemon to balance interrupts for SMP systems...
         Starting LSB: automatic crash report generation...
[[0;32m  OK  [0m] Started Permit User Sessions.
         Starting Hold until boot process finishes up...
         Starting Terminate Plymouth Boot Screen...
[[0;32m  OK  [0m] Started Hold until boot process finishes up.
[[0;32m  OK  [0m] Started Serial Getty on ttyS0.
[[0;32m  OK  [0m] Started Getty on tty1.
[[0;32m  OK  [0m] Reached target Login Prompts.
         Starting Set console scheme...
cloud-init[955]: The key's randomart image is:
[    7.348168] cloud-init[955]: +--[ED25519 256]--+
[[0;32m  OK  [0m] Started Terminate Plymouth Boot Screen.
[[0;32m  OK  [0m] Started Set console scheme.
[    7.352298] cloud-init[955]: |=X*o++.++.       |
[    7.408197] cloud-init[955]: |==*o... ..       |
[    7.431722] cloud-init[955]: |+B +o     .      |
[    7.432287] cloud-init[955]: |B =o .   . .     |
[    7.433010] cloud-init[955]: |+*oo....S .      |
[    7.433568] cloud-init[955]: |Bo+.  o..        |
[    7.460169] cloud-init[955]: |.o    .E         |
[    7.460853] cloud-init[955]: |     .o          |
         Starting Authenticate and Authorize Users to Run Privileged Tasks...
[[0;32m  OK  [0m] Started Virtualbox guest utils.
[[0;32m  OK  [0m] Started LSB: Set the CPU Frequency Scaling governor to "ondemand".
[    7.462174] cloud-init[955]: |     ..          |
[[0;32m  OK  [0m] Started LSB: daemon to balance interrupts for SMP systems.
[[0;32m  OK  [0m] Started LSB: automatic crash report generation.
[    7.467917] cloud-init[955]: +----[SHA256]-----+
[[0;32m  OK  [0m] Started Authenticate and Authorize Users to Run Privileged Tasks.
[[0;32m  OK  [0m] Started Accounts Service.
[[0;32m  OK  [0m] Started LXD - container startup/shutdown.
[[0;32m  OK  [0m] Started Snap Daemon.
         Starting Wait until snapd is fully seeded...
[[0;32m  OK  [0m] Started Pollinate to seed the pseudo random number generator.
         Starting OpenBSD Secure Shell server...
[[0;32m  OK  [0m] Started OpenBSD Secure Shell server.
[[0;32m  OK  [0m] Started Wait until snapd is fully seeded.
         Starting Apply the settings specified in cloud-config...
[[0;32m  OK  [0m] Reached target Multi-User System.
[[0;32m  OK  [0m] Reached target Graphical Interface.
         Starting Update UTMP about System Runlevel Changes...
[[0;32m  OK  [0m] Started Update UTMP about System Runlevel Changes.
[    9.148253] cloud-init[1316]: Generating locales (this might take a while)...
[   10.425192] cloud-init[1316]:   en_US.UTF-8... done
[   10.432545] cloud-init[1316]: Generation complete.
[   10.645662] cloud-init[1316]: Cloud-init v. 20.2-45-g5f7825e2-0ubuntu1~16.04.1 running 'modules:config' at Tue, 28 Jul 2020 14:54:43 +0000. Up 9.03 seconds.
[[0;32m  OK  [0m] Started Apply the settings specified in cloud-config.
         Starting Execute cloud user/final scripts...
ci-info: no authorized SSH keys fingerprints found for user ubuntu.
<14>Jul 28 14:54:45 ec2: 
<14>Jul 28 14:54:45 ec2: #############################################################
<14>Jul 28 14:54:45 ec2: -----BEGIN SSH HOST KEY FINGERPRINTS-----
<14>Jul 28 14:54:45 ec2: 1024 SHA256:b5DGYK3KbbGPBIAI4p25jFrAAy60xjoOrJWSa2mPfKI root@ubuntu-xenial (DSA)
<14>Jul 28 14:54:45 ec2: 256 SHA256:XNI4MRrI5LDcKe+cySGQT3e6WJC1YLhQvyXmGX8YL8k root@ubuntu-xenial (ECDSA)
<14>Jul 28 14:54:45 ec2: 256 SHA256:HUCUSBjCxKSVOFXjpiI2zkXmYhCEp9KBrJlrXa9bFvI root@ubuntu-xenial (ED25519)
<14>Jul 28 14:54:45 ec2: 2048 SHA256:702n+Cd4JiEqRRFVUkJx7aIedpgWMy+IrpScHqeLd9c root@ubuntu-xenial (RSA)
<14>Jul 28 14:54:45 ec2: -----END SSH HOST KEY FINGERPRINTS-----
<14>Jul 28 14:54:45 ec2: #############################################################
-----BEGIN SSH HOST KEY KEYS-----
ecdsa-sha2-nistp256 AAAAE2VjZHNhLXNoYTItbmlzdHAyNTYAAAAIbmlzdHAyNTYAAABBBMIiaUCglVgFlTAqLzjY++fAkgRbiDHWZeZnCl+sPdAv57isu18vhvW1pl3LjoOhpla7VIj+zepzYPUqtt+d3E4= root@ubuntu-xenial
ssh-ed25519 AAAAC3NzaC1lZDI1NTE5AAAAIP/LcZDX+8YQ6ceMicnWFEz+NcmGLyVFem30tuX//ygT root@ubuntu-xenial
ssh-rsa AAAAB3NzaC1yc2EAAAADAQABAAABAQDMbB6rlXV4tj78C6nx1BSbItY/lf1KuNfGW62cqjxy8sSmhbKWBi/UKjwd4qYwzi0uEvYdUVYZvKykqwuhoqCJSzqvgBZXWpoeD/5mVZPfCg4hgVf6lDbq+dfVMgEqNqPOAtSJ3H5MQBhubfRJbQjfFeysb+DCqSXSnPeebuQYQxFGMDGti5fKAhf+gcithdyupp24uQQpZZ1aa7OAn2ryjTIdvxTDsOrEbTqvSWg4O+tBAdPBY9ZGNjMw2msVNWwRIZvHo4iSFTjyp0Yd9zj/skaW6WVrX1SozHPSYIKUOSWwrMk11E14ZIogMUnOqBPx4rPaqxFoonYBeLcBXHZj root@ubuntu-xenial
-----END SSH HOST KEY KEYS-----
[   10.970070] cloud-init[1359]: Cloud-init v. 20.2-45-g5f7825e2-0ubuntu1~16.04.1 running 'modules:final' at Tue, 28 Jul 2020 14:54:45 +0000. Up 10.87 seconds.
[   10.980821] cloud-init[1359]: ci-info: no authorized SSH keys fingerprints found for user ubuntu.
[   10.988642] cloud-init[1359]: Cloud-init v. 20.2-45-g5f7825e2-0ubuntu1~16.04.1 finished at Tue, 28 Jul 2020 14:54:45 +0000. Datasource DataSourceNoCloud [seed=/dev/sdb][dsmode=net].  Up 10.96 seconds
[[0;32m  OK  [0m] Started Execute cloud user/final scripts.
[[0;32m  OK  [0m] Reached target Cloud-init target.

Ubuntu 16.04.6 LTS ubuntu-xenial ttyS0

ubuntu-xenial login: [[0;32m  OK  [0m] Stopped target Cloud-init target.
[[0;32m  OK  [0m] Stopped Execute cloud user/final scripts.
         Stopping Authenticate and Authorize Users to Run Privileged Tasks...
[[0;32m  OK  [0m] Stopped target Graphical Interface.
         Stopping Accounts Service...
[[0;32m  OK  [0m] Stopped target Multi-User System.
         Stopping Regular background program processing daemon...
         Stopping LSB: automatic crash report generation...
         Stopping System Logging Service...
         Stopping D-Bus System Message Bus...
         Stopping A high performance web server and a reverse proxy server...
         Stopping ACPI event daemon...
         Stopping FUSE filesystem for LXC...
         Stopping LSB: Record successful boot for GRUB...
[[0;32m  OK  [0m] Stopped Apply the settings specified in cloud-config.
[[0;32m  OK  [0m] Stopped target Cloud-config availability.
         Stopping LXD - container startup/shutdown...
[[0;32m  OK  [0m] Stopped target Login Prompts.
[[0;32m  OK  [0m] Closed Load/Save RF Kill Switch Status /dev/rfkill Watch.
         Stopping Session 4 of user vagrant.
[[0;32m  OK  [0m] Stopped target Timers.
[[0;32m  OK  [0m] Stopped Daily Cleanup of Temporary Directories.
[[0;32m  OK  [0m] Stopped Message of the Day.
         Stopping Deferred execution scheduler...
[[0;32m  OK  [0m] Stopped Daily apt upgrade and clean activities.
[[0;32m  OK  [0m] Stopped Daily apt download activities.
[[0;32m  OK  [0m] Stopped target System Time Synchronized.
         Stopping Getty on tty1...
         Stopping Serial Getty on ttyS0...
         Stopping Virtualbox guest utils...
[[0;32m  OK  [0m] Stopped Wait until snapd is fully seeded.
         Stopping User Manager for UID 1000...
         Stopping OpenBSD Secure Shell server...
         Stopping LSB: MD monitoring daemon...
         Stopping LSB: daemon to balance interrupts for SMP systems...
         Stopping LSB: Set the CPU Frequency Scaling governor to "ondemand"...
[[0;32m  OK  [0m] Unmounted /var/lib/lxcfs.
[[0;32m  OK  [0m] Stopped Deferred execution scheduler.
[[0;32m  OK  [0m] Stopped Accounts Service.
[[0;32m  OK  [0m] Stopped Regular background program processing daemon.
[[0;32m  OK  [0m] Stopped System Logging Service.
[[0;32m  OK  [0m] Stopped Serial Getty on ttyS0.
[[0;32m  OK  [0m] Stopped Getty on tty1.
[[0;32m  OK  [0m] Stopped ACPI event daemon.
[[0;32m  OK  [0m] Stopped Authenticate and Authorize Users to Run Privileged Tasks.
[[0;32m  OK  [0m] Stopped OpenBSD Secure Shell server.
[[0;32m  OK  [0m] Stopped User Manager for UID 1000.
[[0;32m  OK  [0m] Stopped D-Bus System Message Bus.
[[0;32m  OK  [0m] Stopped Session 4 of user vagrant.
[[0;32m  OK  [0m] Stopped FUSE filesystem for LXC.
[[0;32m  OK  [0m] Stopped A high performance web server and a reverse proxy server.
[[0;32m  OK  [0m] Stopped LXD - container startup/shutdown.
[[0;32m  OK  [0m] Stopped LSB: MD monitoring daemon.
[[0;32m  OK  [0m] Stopped LSB: Set the CPU Frequency Scaling governor to "ondemand".
[[0;32m  OK  [0m] Stopped LSB: automatic crash report generation.
[[0;32m  OK  [0m] Stopped LSB: Record successful boot for GRUB.
[[0;32m  OK  [0m] Stopped Virtualbox guest utils.
[[0;32m  OK  [0m] Stopped LSB: daemon to balance interrupts for SMP systems.
[[0;32m  OK  [0m] Removed slice User Slice of vagrant.
         Stopping Login Service...
[[0;32m  OK  [0m] Removed slice system-getty.slice.
[[0;32m  OK  [0m] Stopped /etc/rc.local Compatibility.
[[0;32m  OK  [0m] Removed slice system-serial\x2dgetty.slice.
         Stopping Permit User Sessions...
[[0;32m  OK  [0m] Stopped Permit User Sessions.
[[0;32m  OK  [0m] Stopped target Remote File Systems.
[[0;32m  OK  [0m] Stopped target Remote File Systems (Pre).
         Stopping Login to default iSCSI targets...
[[0;32m  OK  [0m] Stopped Login Service.
[[0;32m  OK  [0m] Stopped target User and Group Name Lookups.
[[0;32m  OK  [0m] Stopped target Basic System.
[[0;32m  OK  [0m] Stopped target Slices.
[[0;32m  OK  [0m] Removed slice User and Session Slice.
[[0;32m  OK  [0m] Stopped target Paths.
[[0;32m  OK  [0m] Stopped Forward Password Requests to Wall Directory Watch.
[[0;32m  OK  [0m] Stopped Dispatch Password Requests to Console Directory Watch.
[[0;32m  OK  [0m] Stopped ACPI Events Check.
[[0;32m  OK  [0m] Stopped target Sockets.
[[0;32m  OK  [0m] Closed LXD - unix socket.
[[0;32m  OK  [0m] Closed Syslog Socket.
[[0;32m  OK  [0m] Closed UUID daemon activation socket.
[[0;32m  OK  [0m] Closed ACPID Listen Socket.
[[0;32m  OK  [0m] Closed Socket activation for snappy daemon.
[[0;32m  OK  [0m] Closed D-Bus System Message Bus Socket.
[[0;32m  OK  [0m] Stopped target System Initialization.
[[0;32m  OK  [0m] Stopped target Swap.
[[0;32m  OK  [0m] Stopped target Encrypted Volumes.
[[0;32m  OK  [0m] Stopped Commit a transient machine-id on disk.
         Stopping Load/Save Random Seed...
[[0;32m  OK  [0m] Stopped Create Volatile Files and Directories.
[[0;32m  OK  [0m] Stopped Load/Save Random Seed.
[[0;32m  OK  [0m] Stopped Login to default iSCSI targets.
         Stopping iSCSI initiator daemon (iscsid)...
[[0;32m  OK  [0m] Stopped iSCSI initiator daemon (iscsid).
[[0;32m  OK  [0m] Stopped target Network is Online.
[[0;32m  OK  [0m] Stopped Initial cloud-init job (metadata service crawler).
[[0;32m  OK  [0m] Stopped target Network.
         Stopping Raise network interfaces...
[[0;32m  OK  [0m] Stopped Raise network interfaces.
[[0;32m  OK  [0m] Stopped target Local File Systems.
         Unmounting /home/vagrant/app...
         Unmounting /run/user/1000...
[[0;32m  OK  [0m] Stopped target Network (Pre).
[[0;32m  OK  [0m] Stopped Initial cloud-init job (pre-networking).
[[0;32m  OK  [0m] Stopped Apply Kernel Variables.
[[0;32m  OK  [0m] Stopped Load Kernel Modules.
[[0;32m  OK  [0m] Unmounted /home/vagrant/app.
[[0;32m  OK  [0m] Unmounted /run/user/1000.
[[0;32m  OK  [0m] Reached target Unmount All Filesystems.
[[0;32m  OK  [0m] Stopped target Local File Systems (Pre).
[[0;32m  OK  [0m] Stopped Create Static Device Nodes in /dev.
[[0;32m  OK  [0m] Stopped Remount Root and Kernel File Systems.
[[0;32m  OK  [0m] Reached target Shutdown.
[  935.684502] reboot: Power down
